python : 
At line:1 char:106
+ ... s.log 2>&1; 
python -m 
src.ablation_v3 > ab
lation_results.log 
2>&1; py ...
+                 ~~
~~~~~~~~~~~~~~~~~~~~
~~~~~~~~~~~~~~~~~~~~
~~~~~~~~~~~
    + CategoryInfo  
            : 
NotSpecified:     
(:String) [], 
Remote    Exception
    + 
FullyQualifiedErro  
  rId : 
NativeCommandE    
rror
 
Loading weights:   
0%|          | 
0/103 [00:00<?, 
?it/s]
Loading weights:   
1%|          | 
1/103 [00:00<?, 
?it/s, 
Materializing param=
embeddings.LayerNorm
.bias]
Loading weights:   
1%|          | 
1/103 [00:00<00:00, 
498.14it/s, 
Materializing param=
embeddings.LayerNorm
.bias]
Loading weights:   
2%|1         | 
2/103 [00:00<00:00, 
665.71it/s, 
Materializing param=
embeddings.LayerNorm
.weight]
Loading weights:   
2%|1         | 
2/103 [00:00<00:00, 
568.45it/s, 
Materializing param=
embeddings.LayerNorm
.weight]
Loading weights:   
3%|2         | 
3/103 [00:00<00:00, 
852.67it/s, 
Materializing param=
embeddings.position_
embeddings.weight]
Loading weights:   
3%|2         | 
3/103 [00:00<00:00, 
852.67it/s, 
Materializing param=
embeddings.position_
embeddings.weight]
Loading weights:   
4%|3         | 
4/103 [00:00<00:00, 
648.37it/s, 
Materializing param=
embeddings.token_typ
e_embeddings.weight]
Loading weights:   
4%|3         | 
4/103 [00:00<00:00, 
648.37it/s, 
Materializing param=
embeddings.token_typ
e_embeddings.weight]
Loading weights:   
5%|4         | 
5/103 [00:00<00:00, 
612.38it/s, 
Materializing param=
embeddings.word_embe
ddings.weight]      
Loading weights:   
5%|4         | 
5/103 [00:00<00:00, 
612.38it/s, 
Materializing param=
embeddings.word_embe
ddings.weight]
Loading weights:   
6%|5         | 
6/103 [00:00<00:00, 
606.79it/s, 
Materializing param=
encoder.layer.0.atte
ntion.output.LayerNo
rm.bias]
Loading weights:   
6%|5         | 
6/103 [00:00<00:00, 
606.79it/s, 
Materializing param=
encoder.layer.0.atte
ntion.output.LayerNo
rm.bias]
Loading weights:   
7%|6         | 
7/103 [00:00<00:00, 
603.14it/s, 
Materializing param=
encoder.layer.0.atte
ntion.output.LayerNo
rm.weight]
Loading weights:   
7%|6         | 
7/103 [00:00<00:00, 
603.14it/s, 
Materializing param=
encoder.layer.0.atte
ntion.output.LayerNo
rm.weight]
Loading weights:   
8%|7         | 
8/103 [00:00<00:00, 
689.30it/s, 
Materializing param=
encoder.layer.0.atte
ntion.output.dense.b
ias]      
Loading weights:   
8%|7         | 
8/103 [00:00<00:00, 
633.74it/s, 
Materializing param=
encoder.layer.0.atte
ntion.output.dense.b
ias]
Loading weights:   
9%|8         | 
9/103 [00:00<00:00, 
614.54it/s, 
Materializing param=
encoder.layer.0.atte
ntion.output.dense.w
eight]
Loading weights:   
9%|8         | 
9/103 [00:00<00:00, 
614.54it/s, 
Materializing param=
encoder.layer.0.atte
ntion.output.dense.w
eight]
Loading weights:  
10%|9         | 
10/103 
[00:00<00:00, 
638.11it/s, 
Materializing param=
encoder.layer.0.atte
ntion.self.key.bias]
     
Loading weights:  
10%|9         | 
10/103 
[00:00<00:00, 
638.11it/s, 
Materializing param=
encoder.layer.0.atte
ntion.self.key.bias]
Loading weights:  
11%|#         | 
11/103 
[00:00<00:00, 
659.23it/s, 
Materializing param=
encoder.layer.0.atte
ntion.self.key.weigh
t]
Loading weights:  
11%|#         | 
11/103 
[00:00<00:00, 
659.23it/s, 
Materializing param=
encoder.layer.0.atte
ntion.self.key.weigh
t]
Loading weights:  
12%|#1        | 
12/103 
[00:00<00:00, 
719.16it/s, 
Materializing param=
encoder.layer.0.atte
ntion.self.query.bia
s]
Loading weights:  
12%|#1        | 
12/103 
[00:00<00:00, 
719.16it/s, 
Materializing param=
encoder.layer.0.atte
ntion.self.query.bia
s]
Loading weights:  
13%|#2        | 
13/103 
[00:00<00:00, 
734.90it/s, 
Materializing param=
encoder.layer.0.atte
ntion.self.query.wei
ght]
Loading weights:  
13%|#2        | 
13/103 
[00:00<00:00, 
695.46it/s, 
Materializing param=
encoder.layer.0.atte
ntion.self.query.wei
ght]
Loading weights:  
14%|#3        | 
14/103 
[00:00<00:00, 
748.95it/s, 
Materializing param=
encoder.layer.0.atte
ntion.self.value.bia
s]  
Loading weights:  
14%|#3        | 
14/103 
[00:00<00:00, 
748.95it/s, 
Materializing param=
encoder.layer.0.atte
ntion.self.value.bia
s]
Loading weights:  
15%|#4        | 
15/103 
[00:00<00:00, 
761.92it/s, 
Materializing param=
encoder.layer.0.atte
ntion.self.value.wei
ght]
Loading weights:  
15%|#4        | 
15/103 
[00:00<00:00, 
725.06it/s, 
Materializing param=
encoder.layer.0.atte
ntion.self.value.wei
ght]
Loading weights:  
16%|#5        | 
16/103 
[00:00<00:00, 
737.83it/s, 
Materializing param=
encoder.layer.0.inte
rmediate.dense.bias]
    
Loading weights:  
16%|#5        | 
16/103 
[00:00<00:00, 
737.83it/s, 
Materializing param=
encoder.layer.0.inte
rmediate.dense.bias]
Loading weights:  
17%|#6        | 
17/103 
[00:00<00:00, 
749.36it/s, 
Materializing param=
encoder.layer.0.inte
rmediate.dense.weigh
t]
Loading weights:  
17%|#6        | 
17/103 
[00:00<00:00, 
688.59it/s, 
Materializing param=
encoder.layer.0.inte
rmediate.dense.weigh
t]
Loading weights:  
17%|#7        | 
18/103 
[00:00<00:00, 
700.29it/s, 
Materializing param=
encoder.layer.0.outp
ut.LayerNorm.bias]  
  
Loading weights:  
17%|#7        | 
18/103 
[00:00<00:00, 
700.29it/s, 
Materializing param=
encoder.layer.0.outp
ut.LayerNorm.bias]
Loading weights:  
18%|#8        | 
19/103 
[00:00<00:00, 
739.19it/s, 
Materializing param=
encoder.layer.0.outp
ut.LayerNorm.weight]
Loading weights:  
18%|#8        | 
19/103 
[00:00<00:00, 
721.98it/s, 
Materializing param=
encoder.layer.0.outp
ut.LayerNorm.weight]
Loading weights:  
19%|#9        | 
20/103 
[00:00<00:00, 
759.98it/s, 
Materializing param=
encoder.layer.0.outp
ut.dense.bias]      
Loading weights:  
19%|#9        | 
20/103 
[00:00<00:00, 
759.98it/s, 
Materializing param=
encoder.layer.0.outp
ut.dense.bias]
Loading weights:  
20%|##        | 
21/103 
[00:00<00:00, 
797.98it/s, 
Materializing param=
encoder.layer.0.outp
ut.dense.weight]
Loading weights:  
20%|##        | 
21/103 
[00:00<00:00, 
797.98it/s, 
Materializing param=
encoder.layer.0.outp
ut.dense.weight]
Loading weights:  
21%|##1       | 
22/103 
[00:00<00:00, 
835.98it/s, 
Materializing param=
encoder.layer.1.atte
ntion.output.LayerNo
rm.bias]
Loading weights:  
21%|##1       | 
22/103 
[00:00<00:00, 
835.98it/s, 
Materializing param=
encoder.layer.1.atte
ntion.output.LayerNo
rm.bias]
Loading weights:  
22%|##2       | 
23/103 
[00:00<00:00, 
841.57it/s, 
Materializing param=
encoder.layer.1.atte
ntion.output.LayerNo
rm.weight]
Loading weights:  
22%|##2       | 
23/103 
[00:00<00:00, 
841.57it/s, 
Materializing param=
encoder.layer.1.atte
ntion.output.LayerNo
rm.weight]
Loading weights:  
23%|##3       | 
24/103 
[00:00<00:00, 
878.16it/s, 
Materializing param=
encoder.layer.1.atte
ntion.output.dense.b
ias]      
Loading weights:  
23%|##3       | 
24/103 
[00:00<00:00, 
878.16it/s, 
Materializing param=
encoder.layer.1.atte
ntion.output.dense.b
ias]
Loading weights:  
24%|##4       | 
25/103 
[00:00<00:00, 
914.75it/s, 
Materializing param=
encoder.layer.1.atte
ntion.output.dense.w
eight]
Loading weights:  
24%|##4       | 
25/103 
[00:00<00:00, 
914.75it/s, 
Materializing param=
encoder.layer.1.atte
ntion.output.dense.w
eight]
Loading weights:  
25%|##5       | 
26/103 
[00:00<00:00, 
917.81it/s, 
Materializing param=
encoder.layer.1.atte
ntion.self.key.bias]
      
Loading weights:  
25%|##5       | 
26/103 
[00:00<00:00, 
917.81it/s, 
Materializing param=
encoder.layer.1.atte
ntion.self.key.bias]
Loading weights:  
26%|##6       | 
27/103 
[00:00<00:00, 
953.11it/s, 
Materializing param=
encoder.layer.1.atte
ntion.self.key.weigh
t]
Loading weights:  
26%|##6       | 
27/103 
[00:00<00:00, 
953.11it/s, 
Materializing param=
encoder.layer.1.atte
ntion.self.key.weigh
t]
Loading weights:  
27%|##7       | 
28/103 
[00:00<00:00, 
988.41it/s, 
Materializing param=
encoder.layer.1.atte
ntion.self.query.bia
s]
Loading weights:  
27%|##7       | 
28/103 
[00:00<00:00, 
988.41it/s, 
Materializing param=
encoder.layer.1.atte
ntion.self.query.bia
s]
Loading weights:  
28%|##8       | 
29/103 
[00:00<00:00, 
1023.71it/s, 
Materializing param=
encoder.layer.1.atte
ntion.self.query.wei
ght]
Loading weights:  
28%|##8       | 
29/103 
[00:00<00:00, 
988.86it/s, 
Materializing param=
encoder.layer.1.atte
ntion.self.query.wei
ght] 
Loading weights:  
29%|##9       | 
30/103 
[00:00<00:00, 
1022.96it/s, 
Materializing param=
encoder.layer.1.atte
ntion.self.value.bia
s] 
Loading weights:  
29%|##9       | 
30/103 
[00:00<00:00, 
1022.96it/s, 
Materializing param=
encoder.layer.1.atte
ntion.self.value.bia
s]
Loading weights:  
30%|###       | 
31/103 
[00:00<00:00, 
1057.06it/s, 
Materializing param=
encoder.layer.1.atte
ntion.self.value.wei
ght]
Loading weights:  
30%|###       | 
31/103 
[00:00<00:00, 
1057.06it/s, 
Materializing param=
encoder.layer.1.atte
ntion.self.value.wei
ght]
Loading weights:  
31%|###1      | 
32/103 
[00:00<00:00, 
1091.16it/s, 
Materializing param=
encoder.layer.1.inte
rmediate.dense.bias]
    
Loading weights:  
31%|###1      | 
32/103 
[00:00<00:00, 
1091.16it/s, 
Materializing param=
encoder.layer.1.inte
rmediate.dense.bias]
Loading weights:  
32%|###2      | 
33/103 
[00:00<00:00, 
1088.17it/s, 
Materializing param=
encoder.layer.1.inte
rmediate.dense.weigh
t]
Loading weights:  
32%|###2      | 
33/103 
[00:00<00:00, 
1088.17it/s, 
Materializing param=
encoder.layer.1.inte
rmediate.dense.weigh
t]
Loading weights:  
33%|###3      | 
34/103 
[00:00<00:00, 
1121.15it/s, 
Materializing param=
encoder.layer.1.outp
ut.LayerNorm.bias]  
  
Loading weights:  
33%|###3      | 
34/103 
[00:00<00:00, 
1121.15it/s, 
Materializing param=
encoder.layer.1.outp
ut.LayerNorm.bias]
Loading weights:  
34%|###3      | 
35/103 
[00:00<00:00, 
1154.12it/s, 
Materializing param=
encoder.layer.1.outp
ut.LayerNorm.weight]
Loading weights:  
34%|###3      | 
35/103 
[00:00<00:00, 
1154.12it/s, 
Materializing param=
encoder.layer.1.outp
ut.LayerNorm.weight]
Loading weights:  
35%|###4      | 
36/103 
[00:00<00:00, 
1187.10it/s, 
Materializing param=
encoder.layer.1.outp
ut.dense.bias]      
Loading weights:  
35%|###4      | 
36/103 
[00:00<00:00, 
1187.10it/s, 
Materializing param=
encoder.layer.1.outp
ut.dense.bias]
Loading weights:  
36%|###5      | 
37/103 
[00:00<00:00, 
1181.13it/s, 
Materializing param=
encoder.layer.1.outp
ut.dense.weight]
Loading weights:  
36%|###5      | 
37/103 
[00:00<00:00, 
1181.13it/s, 
Materializing param=
encoder.layer.1.outp
ut.dense.weight]
Loading weights:  
37%|###6      | 
38/103 
[00:00<00:00, 
1213.06it/s, 
Materializing param=
encoder.layer.2.atte
ntion.output.LayerNo
rm.bias]
Loading weights:  
37%|###6      | 
38/103 
[00:00<00:00, 
1213.06it/s, 
Materializing param=
encoder.layer.2.atte
ntion.output.LayerNo
rm.bias]
Loading weights:  
38%|###7      | 
39/103 
[00:00<00:00, 
1244.98it/s, 
Materializing param=
encoder.layer.2.atte
ntion.output.LayerNo
rm.weight]
Loading weights:  
38%|###7      | 
39/103 
[00:00<00:00, 
1244.98it/s, 
Materializing param=
encoder.layer.2.atte
ntion.output.LayerNo
rm.weight]
Loading weights:  
39%|###8      | 
40/103 
[00:00<00:00, 
1276.90it/s, 
Materializing param=
encoder.layer.2.atte
ntion.output.dense.b
ias]      
Loading weights:  
39%|###8      | 
40/103 
[00:00<00:00, 
1237.40it/s, 
Materializing param=
encoder.layer.2.atte
ntion.output.dense.b
ias]
Loading weights:  
40%|###9      | 
41/103 
[00:00<00:00, 
1268.34it/s, 
Materializing param=
encoder.layer.2.atte
ntion.output.dense.w
eight]
Loading weights:  
40%|###9      | 
41/103 
[00:00<00:00, 
1268.34it/s, 
Materializing param=
encoder.layer.2.atte
ntion.output.dense.w
eight]
Loading weights:  
41%|####      | 
42/103 
[00:00<00:00, 
1299.27it/s, 
Materializing param=
encoder.layer.2.atte
ntion.self.key.bias]
      
Loading weights:  
41%|####      | 
42/103 
[00:00<00:00, 
1299.27it/s, 
Materializing param=
encoder.layer.2.atte
ntion.self.key.bias]
Loading weights:  
42%|####1     | 
43/103 
[00:00<00:00, 
1330.21it/s, 
Materializing param=
encoder.layer.2.atte
ntion.self.key.weigh
t]
Loading weights:  
42%|####1     | 
43/103 
[00:00<00:00, 
1330.21it/s, 
Materializing param=
encoder.layer.2.atte
ntion.self.key.weigh
t]
Loading weights:  
43%|####2     | 
44/103 
[00:00<00:00, 
1320.29it/s, 
Materializing param=
encoder.layer.2.atte
ntion.self.query.bia
s]
Loading weights:  
43%|####2     | 
44/103 
[00:00<00:00, 
1320.29it/s, 
Materializing param=
encoder.layer.2.atte
ntion.self.query.bia
s]
Loading weights:  
44%|####3     | 
45/103 
[00:00<00:00, 
1350.30it/s, 
Materializing param=
encoder.layer.2.atte
ntion.self.query.wei
ght]
Loading weights:  
44%|####3     | 
45/103 
[00:00<00:00, 
1350.30it/s, 
Materializing param=
encoder.layer.2.atte
ntion.self.query.wei
ght]
Loading weights:  
45%|####4     | 
46/103 
[00:00<00:00, 
1380.31it/s, 
Materializing param=
encoder.layer.2.atte
ntion.self.value.bia
s]  
Loading weights:  
45%|####4     | 
46/103 
[00:00<00:00, 
1380.31it/s, 
Materializing param=
encoder.layer.2.atte
ntion.self.value.bia
s]
Loading weights:  
46%|####5     | 
47/103 
[00:00<00:00, 
1410.31it/s, 
Materializing param=
encoder.layer.2.atte
ntion.self.value.wei
ght]
Loading weights:  
46%|####5     | 
47/103 
[00:00<00:00, 
1369.22it/s, 
Materializing param=
encoder.layer.2.atte
ntion.self.value.wei
ght]
Loading weights:  
47%|####6     | 
48/103 
[00:00<00:00, 
1398.35it/s, 
Materializing param=
encoder.layer.2.inte
rmediate.dense.bias]
    
Loading weights:  
47%|####6     | 
48/103 
[00:00<00:00, 
1398.35it/s, 
Materializing param=
encoder.layer.2.inte
rmediate.dense.bias]
Loading weights:  
48%|####7     | 
49/103 
[00:00<00:00, 
1427.49it/s, 
Materializing param=
encoder.layer.2.inte
rmediate.dense.weigh
t]
Loading weights:  
48%|####7     | 
49/103 
[00:00<00:00, 
1427.49it/s, 
Materializing param=
encoder.layer.2.inte
rmediate.dense.weigh
t]
Loading weights:  
49%|####8     | 
50/103 
[00:00<00:00, 
1456.62it/s, 
Materializing param=
encoder.layer.2.outp
ut.LayerNorm.bias]  
  
Loading weights:  
49%|####8     | 
50/103 
[00:00<00:00, 
1456.62it/s, 
Materializing param=
encoder.layer.2.outp
ut.LayerNorm.bias]
Loading weights:  
50%|####9     | 
51/103 
[00:00<00:00, 
1485.75it/s, 
Materializing param=
encoder.layer.2.outp
ut.LayerNorm.weight]
Loading weights:  
50%|####9     | 
51/103 
[00:00<00:00, 
1443.53it/s, 
Materializing param=
encoder.layer.2.outp
ut.LayerNorm.weight]
Loading weights:  
50%|#####     | 
52/103 
[00:00<00:00, 
1471.83it/s, 
Materializing param=
encoder.layer.2.outp
ut.dense.bias]      
Loading weights:  
50%|#####     | 
52/103 
[00:00<00:00, 
1471.83it/s, 
Materializing param=
encoder.layer.2.outp
ut.dense.bias]
Loading weights:  
51%|#####1    | 
53/103 
[00:00<00:00, 
1500.14it/s, 
Materializing param=
encoder.layer.2.outp
ut.dense.weight]
Loading weights:  
51%|#####1    | 
53/103 
[00:00<00:00, 
1500.14it/s, 
Materializing param=
encoder.layer.2.outp
ut.dense.weight]
Loading weights:  
52%|#####2    | 
54/103 
[00:00<00:00, 
1528.44it/s, 
Materializing param=
encoder.layer.3.atte
ntion.output.LayerNo
rm.bias]
Loading weights:  
52%|#####2    | 
54/103 
[00:00<00:00, 
1528.44it/s, 
Materializing param=
encoder.layer.3.atte
ntion.output.LayerNo
rm.bias]
Loading weights:  
53%|#####3    | 
55/103 
[00:00<00:00, 
1556.75it/s, 
Materializing param=
encoder.layer.3.atte
ntion.output.LayerNo
rm.weight]
Loading weights:  
53%|#####3    | 
55/103 
[00:00<00:00, 
1556.75it/s, 
Materializing param=
encoder.layer.3.atte
ntion.output.LayerNo
rm.weight]
Loading weights:  
54%|#####4    | 
56/103 
[00:00<00:00, 
1541.28it/s, 
Materializing param=
encoder.layer.3.atte
ntion.output.dense.b
ias]      
Loading weights:  
54%|#####4    | 
56/103 
[00:00<00:00, 
1541.28it/s, 
Materializing param=
encoder.layer.3.atte
ntion.output.dense.b
ias]
Loading weights:  
55%|#####5    | 
57/103 
[00:00<00:00, 
1568.81it/s, 
Materializing param=
encoder.layer.3.atte
ntion.output.dense.w
eight]
Loading weights:  
55%|#####5    | 
57/103 
[00:00<00:00, 
1568.81it/s, 
Materializing param=
encoder.layer.3.atte
ntion.output.dense.w
eight]
Loading weights:  
56%|#####6    | 
58/103 
[00:00<00:00, 
1596.33it/s, 
Materializing param=
encoder.layer.3.atte
ntion.self.key.bias]
      
Loading weights:  
56%|#####6    | 
58/103 
[00:00<00:00, 
1596.33it/s, 
Materializing param=
encoder.layer.3.atte
ntion.self.key.bias]
Loading weights:  
57%|#####7    | 
59/103 
[00:00<00:00, 
1623.85it/s, 
Materializing param=
encoder.layer.3.atte
ntion.self.key.weigh
t]
Loading weights:  
57%|#####7    | 
59/103 
[00:00<00:00, 
1580.53it/s, 
Materializing param=
encoder.layer.3.atte
ntion.self.key.weigh
t]
Loading weights:  
58%|#####8    | 
60/103 
[00:00<00:00, 
1607.32it/s, 
Materializing param=
encoder.layer.3.atte
ntion.self.query.bia
s]
Loading weights:  
58%|#####8    | 
60/103 
[00:00<00:00, 
1607.32it/s, 
Materializing param=
encoder.layer.3.atte
ntion.self.query.bia
s]
Loading weights:  
59%|#####9    | 
61/103 
[00:00<00:00, 
1634.11it/s, 
Materializing param=
encoder.layer.3.atte
ntion.self.query.wei
ght]
Loading weights:  
59%|#####9    | 
61/103 
[00:00<00:00, 
1634.11it/s, 
Materializing param=
encoder.layer.3.atte
ntion.self.query.wei
ght]
Loading weights:  
60%|######    | 
62/103 
[00:00<00:00, 
1660.90it/s, 
Materializing param=
encoder.layer.3.atte
ntion.self.value.bia
s]  
Loading weights:  
60%|######    | 
62/103 
[00:00<00:00, 
1660.90it/s, 
Materializing param=
encoder.layer.3.atte
ntion.self.value.bia
s]
Loading weights:  
61%|######1   | 
63/103 
[00:00<00:00, 
1643.76it/s, 
Materializing param=
encoder.layer.3.atte
ntion.self.value.wei
ght]
Loading weights:  
61%|######1   | 
63/103 
[00:00<00:00, 
1643.76it/s, 
Materializing param=
encoder.layer.3.atte
ntion.self.value.wei
ght]
Loading weights:  
62%|######2   | 
64/103 
[00:00<00:00, 
1669.85it/s, 
Materializing param=
encoder.layer.3.inte
rmediate.dense.bias]
    
Loading weights:  
62%|######2   | 
64/103 
[00:00<00:00, 
1669.85it/s, 
Materializing param=
encoder.layer.3.inte
rmediate.dense.bias]
Loading weights:  
63%|######3   | 
65/103 
[00:00<00:00, 
1695.94it/s, 
Materializing param=
encoder.layer.3.inte
rmediate.dense.weigh
t]
Loading weights:  
63%|######3   | 
65/103 
[00:00<00:00, 
1695.94it/s, 
Materializing param=
encoder.layer.3.inte
rmediate.dense.weigh
t]
Loading weights:  
64%|######4   | 
66/103 
[00:00<00:00, 
1722.04it/s, 
Materializing param=
encoder.layer.3.outp
ut.LayerNorm.bias]  
  
Loading weights:  
64%|######4   | 
66/103 
[00:00<00:00, 
1722.04it/s, 
Materializing param=
encoder.layer.3.outp
ut.LayerNorm.bias]
Loading weights:  
65%|######5   | 
67/103 
[00:00<00:00, 
1748.13it/s, 
Materializing param=
encoder.layer.3.outp
ut.LayerNorm.weight]
Loading weights:  
65%|######5   | 
67/103 
[00:00<00:00, 
1748.13it/s, 
Materializing param=
encoder.layer.3.outp
ut.LayerNorm.weight]
Loading weights:  
66%|######6   | 
68/103 
[00:00<00:00, 
1774.22it/s, 
Materializing param=
encoder.layer.3.outp
ut.dense.bias]      
Loading weights:  
66%|######6   | 
68/103 
[00:00<00:00, 
1707.04it/s, 
Materializing param=
encoder.layer.3.outp
ut.dense.bias]
Loading weights:  
67%|######6   | 
69/103 
[00:00<00:00, 
1732.15it/s, 
Materializing param=
encoder.layer.3.outp
ut.dense.weight]
Loading weights:  
67%|######6   | 
69/103 
[00:00<00:00, 
1732.15it/s, 
Materializing param=
encoder.layer.3.outp
ut.dense.weight]
Loading weights:  
68%|######7   | 
70/103 
[00:00<00:00, 
1732.52it/s, 
Materializing param=
encoder.layer.4.atte
ntion.output.LayerNo
rm.bias]
Loading weights:  
68%|######7   | 
70/103 
[00:00<00:00, 
1710.67it/s, 
Materializing param=
encoder.layer.4.atte
ntion.output.LayerNo
rm.bias]
Loading weights:  
69%|######8   | 
71/103 
[00:00<00:00, 
1735.11it/s, 
Materializing param=
encoder.layer.4.atte
ntion.output.LayerNo
rm.weight]
Loading weights:  
69%|######8   | 
71/103 
[00:00<00:00, 
1735.11it/s, 
Materializing param=
encoder.layer.4.atte
ntion.output.LayerNo
rm.weight]
Loading weights:  
70%|######9   | 
72/103 
[00:00<00:00, 
1759.55it/s, 
Materializing param=
encoder.layer.4.atte
ntion.output.dense.b
ias]      
Loading weights:  
70%|######9   | 
72/103 
[00:00<00:00, 
1759.55it/s, 
Materializing param=
encoder.layer.4.atte
ntion.output.dense.b
ias]
Loading weights:  
71%|#######   | 
73/103 
[00:00<00:00, 
1783.99it/s, 
Materializing param=
encoder.layer.4.atte
ntion.output.dense.w
eight]
Loading weights:  
71%|#######   | 
73/103 
[00:00<00:00, 
1740.80it/s, 
Materializing param=
encoder.layer.4.atte
ntion.output.dense.w
eight]
Loading weights:  
72%|#######1  | 
74/103 
[00:00<00:00, 
1764.65it/s, 
Materializing param=
encoder.layer.4.atte
ntion.self.key.bias]
      
Loading weights:  
72%|#######1  | 
74/103 
[00:00<00:00, 
1764.65it/s, 
Materializing param=
encoder.layer.4.atte
ntion.self.key.bias]
Loading weights:  
73%|#######2  | 
75/103 
[00:00<00:00, 
1788.49it/s, 
Materializing param=
encoder.layer.4.atte
ntion.self.key.weigh
t]
Loading weights:  
73%|#######2  | 
75/103 
[00:00<00:00, 
1788.49it/s, 
Materializing param=
encoder.layer.4.atte
ntion.self.key.weigh
t]
Loading weights:  
74%|#######3  | 
76/103 
[00:00<00:00, 
1812.34it/s, 
Materializing param=
encoder.layer.4.atte
ntion.self.query.bia
s]
Loading weights:  
74%|#######3  | 
76/103 
[00:00<00:00, 
1812.34it/s, 
Materializing param=
encoder.layer.4.atte
ntion.self.query.bia
s]
Loading weights:  
75%|#######4  | 
77/103 
[00:00<00:00, 
1793.44it/s, 
Materializing param=
encoder.layer.4.atte
ntion.self.query.wei
ght]
Loading weights:  
75%|#######4  | 
77/103 
[00:00<00:00, 
1793.44it/s, 
Materializing param=
encoder.layer.4.atte
ntion.self.query.wei
ght]
Loading weights:  
76%|#######5  | 
78/103 
[00:00<00:00, 
1816.73it/s, 
Materializing param=
encoder.layer.4.atte
ntion.self.value.bia
s]  
Loading weights:  
76%|#######5  | 
78/103 
[00:00<00:00, 
1816.73it/s, 
Materializing param=
encoder.layer.4.atte
ntion.self.value.bia
s]
Loading weights:  
77%|#######6  | 
79/103 
[00:00<00:00, 
1840.03it/s, 
Materializing param=
encoder.layer.4.atte
ntion.self.value.wei
ght]
Loading weights:  
77%|#######6  | 
79/103 
[00:00<00:00, 
1840.03it/s, 
Materializing param=
encoder.layer.4.atte
ntion.self.value.wei
ght]
Loading weights:  
78%|#######7  | 
80/103 
[00:00<00:00, 
1830.56it/s, 
Materializing param=
encoder.layer.4.inte
rmediate.dense.bias]
    
Loading weights:  
78%|#######7  | 
80/103 
[00:00<00:00, 
1830.56it/s, 
Materializing param=
encoder.layer.4.inte
rmediate.dense.bias]
Loading weights:  
79%|#######8  | 
81/103 
[00:00<00:00, 
1853.45it/s, 
Materializing param=
encoder.layer.4.inte
rmediate.dense.weigh
t]
Loading weights:  
79%|#######8  | 
81/103 
[00:00<00:00, 
1853.45it/s, 
Materializing param=
encoder.layer.4.inte
rmediate.dense.weigh
t]
Loading weights:  
80%|#######9  | 
82/103 
[00:00<00:00, 
1876.33it/s, 
Materializing param=
encoder.layer.4.outp
ut.LayerNorm.bias]  
  
Loading weights:  
80%|#######9  | 
82/103 
[00:00<00:00, 
1876.33it/s, 
Materializing param=
encoder.layer.4.outp
ut.LayerNorm.bias]
Loading weights:  
81%|########  | 
83/103 
[00:00<00:00, 
1899.21it/s, 
Materializing param=
encoder.layer.4.outp
ut.LayerNorm.weight]
Loading weights:  
81%|########  | 
83/103 
[00:00<00:00, 
1899.21it/s, 
Materializing param=
encoder.layer.4.outp
ut.LayerNorm.weight]
Loading weights:  
82%|########1 | 
84/103 
[00:00<00:00, 
1922.09it/s, 
Materializing param=
encoder.layer.4.outp
ut.dense.bias]      
Loading weights:  
82%|########1 | 
84/103 
[00:00<00:00, 
1922.09it/s, 
Materializing param=
encoder.layer.4.outp
ut.dense.bias]
Loading weights:  
83%|########2 | 
85/103 
[00:00<00:00, 
1899.63it/s, 
Materializing param=
encoder.layer.4.outp
ut.dense.weight]
Loading weights:  
83%|########2 | 
85/103 
[00:00<00:00, 
1899.63it/s, 
Materializing param=
encoder.layer.4.outp
ut.dense.weight]
Loading weights:  
83%|########3 | 
86/103 
[00:00<00:00, 
1921.98it/s, 
Materializing param=
encoder.layer.5.atte
ntion.output.LayerNo
rm.bias]
Loading weights:  
83%|########3 | 
86/103 
[00:00<00:00, 
1921.98it/s, 
Materializing param=
encoder.layer.5.atte
ntion.output.LayerNo
rm.bias]
Loading weights:  
84%|########4 | 
87/103 
[00:00<00:00, 
1944.33it/s, 
Materializing param=
encoder.layer.5.atte
ntion.output.LayerNo
rm.weight]
Loading weights:  
84%|########4 | 
87/103 
[00:00<00:00, 
1944.33it/s, 
Materializing param=
encoder.layer.5.atte
ntion.output.LayerNo
rm.weight]
Loading weights:  
85%|########5 | 
88/103 
[00:00<00:00, 
1966.68it/s, 
Materializing param=
encoder.layer.5.atte
ntion.output.dense.b
ias]      
Loading weights:  
85%|########5 | 
88/103 
[00:00<00:00, 
1966.68it/s, 
Materializing param=
encoder.layer.5.atte
ntion.output.dense.b
ias]
Loading weights:  
86%|########6 | 
89/103 
[00:00<00:00, 
1946.97it/s, 
Materializing param=
encoder.layer.5.atte
ntion.output.dense.w
eight]
Loading weights:  
86%|########6 | 
89/103 
[00:00<00:00, 
1946.97it/s, 
Materializing param=
encoder.layer.5.atte
ntion.output.dense.w
eight]
Loading weights:  
87%|########7 | 
90/103 
[00:00<00:00, 
1968.85it/s, 
Materializing param=
encoder.layer.5.atte
ntion.self.key.bias]
      
Loading weights:  
87%|########7 | 
90/103 
[00:00<00:00, 
1926.59it/s, 
Materializing param=
encoder.layer.5.atte
ntion.self.key.bias]
Loading weights:  
88%|########8 | 
91/103 
[00:00<00:00, 
1948.00it/s, 
Materializing param=
encoder.layer.5.atte
ntion.self.key.weigh
t]
Loading weights:  
88%|########8 | 
91/103 
[00:00<00:00, 
1948.00it/s, 
Materializing param=
encoder.layer.5.atte
ntion.self.key.weigh
t]
Loading weights:  
89%|########9 | 
92/103 
[00:00<00:00, 
1969.41it/s, 
Materializing param=
encoder.layer.5.atte
ntion.self.query.bia
s]
Loading weights:  
89%|########9 | 
92/103 
[00:00<00:00, 
1969.41it/s, 
Materializing param=
encoder.layer.5.atte
ntion.self.query.bia
s]
Loading weights:  
90%|######### | 
93/103 
[00:00<00:00, 
1990.81it/s, 
Materializing param=
encoder.layer.5.atte
ntion.self.query.wei
ght]
Loading weights:  
90%|######### | 
93/103 
[00:00<00:00, 
1949.14it/s, 
Materializing param=
encoder.layer.5.atte
ntion.self.query.wei
ght]
Loading weights:  
91%|#########1| 
94/103 
[00:00<00:00, 
1970.10it/s, 
Materializing param=
encoder.layer.5.atte
ntion.self.value.bia
s]  
Loading weights:  
91%|#########1| 
94/103 
[00:00<00:00, 
1970.10it/s, 
Materializing param=
encoder.layer.5.atte
ntion.self.value.bia
s]
Loading weights:  
92%|#########2| 
95/103 
[00:00<00:00, 
1991.06it/s, 
Materializing param=
encoder.layer.5.atte
ntion.self.value.wei
ght]
Loading weights:  
92%|#########2| 
95/103 
[00:00<00:00, 
1991.06it/s, 
Materializing param=
encoder.layer.5.atte
ntion.self.value.wei
ght]
Loading weights:  
93%|#########3| 
96/103 
[00:00<00:00, 
1930.47it/s, 
Materializing param=
encoder.layer.5.inte
rmediate.dense.bias]
    
Loading weights:  
93%|#########3| 
96/103 
[00:00<00:00, 
1930.47it/s, 
Materializing param=
encoder.layer.5.inte
rmediate.dense.bias]
Loading weights:  
94%|#########4| 
97/103 
[00:00<00:00, 
1950.58it/s, 
Materializing param=
encoder.layer.5.inte
rmediate.dense.weigh
t]
Loading weights:  
94%|#########4| 
97/103 
[00:00<00:00, 
1950.58it/s, 
Materializing param=
encoder.layer.5.inte
rmediate.dense.weigh
t]
Loading weights:  
95%|#########5| 
98/103 
[00:00<00:00, 
1970.69it/s, 
Materializing param=
encoder.layer.5.outp
ut.LayerNorm.bias]  
  
Loading weights:  
95%|#########5| 
98/103 
[00:00<00:00, 
1970.69it/s, 
Materializing param=
encoder.layer.5.outp
ut.LayerNorm.bias]
Loading weights:  
96%|#########6| 
99/103 
[00:00<00:00, 
1952.12it/s, 
Materializing param=
encoder.layer.5.outp
ut.LayerNorm.weight]
Loading weights:  
96%|#########6| 
99/103 
[00:00<00:00, 
1952.12it/s, 
Materializing param=
encoder.layer.5.outp
ut.LayerNorm.weight]
Loading weights:  
97%|#########7| 
100/103 
[00:00<00:00, 
1971.84it/s, 
Materializing param=
encoder.layer.5.outp
ut.dense.bias]     
Loading weights:  
97%|#########7| 
100/103 
[00:00<00:00, 
1971.84it/s, 
Materializing param=
encoder.layer.5.outp
ut.dense.bias]
Loading weights:  
98%|#########8| 
101/103 
[00:00<00:00, 
1991.56it/s, 
Materializing param=
encoder.layer.5.outp
ut.dense.weight]
Loading weights:  
98%|#########8| 
101/103 
[00:00<00:00, 
1991.56it/s, 
Materializing param=
encoder.layer.5.outp
ut.dense.weight]
Loading weights:  
99%|#########9| 
102/103 
[00:00<00:00, 
2011.28it/s, 
Materializing param=
pooler.dense.bias]  
                
Loading weights:  
99%|#########9| 
102/103 
[00:00<00:00, 
1972.43it/s, 
Materializing param=
pooler.dense.bias]
Loading weights: 
100%|##########| 
103/103 
[00:00<00:00, 
1991.76it/s, 
Materializing param=
pooler.dense.weight]
Loading weights: 
100%|##########| 
103/103 
[00:00<00:00, 
1991.76it/s, 
Materializing param=
pooler.dense.weight]
Loading weights: 
100%|##########| 
103/103 
[00:00<00:00, 
1991.76it/s, 
Materializing param=
pooler.dense.weight]
[1mBertModel LOAD 
REPORT[0m from: sen
tence-transformers/a
ll-MiniLM-L6-v2
Key                 
    | Status     |  
| 
--------------------
----+------------+--
+-
embeddings.position_
ids | UNEXPECTED |  
| 

[3mNotes:
- UNEXPECTED[3m	
:can be ignored 
when loading from 
different 
task/architecture; 
not ok if you 
expect identical 
arch.[0m
Running Systematic Ablation Study...

Ablation Results (ROUGE-L):
Variant                   | ROUGE-L   
----------------------------------------
Full Model (DocuCompiler) | 0.2857    
Without Optimization      | 0.2857    
TF-IDF Embeddings         | 0.2857    
